android/build/intermediates/manifest_merge_blame_file/debug/manifest-merger-blame-debug-report.txt
1<?xml version="1.0" encoding="utf-8"?>
2<manifest xmlns:android="http://schemas.android.com/apk/res/android"
3    package="de.handy.game"
4    android:versionCode="1"
5    android:versionName="1.0" >
6
7    <uses-sdk
8        android:minSdkVersion="14"
8-->HandyGame\android\AndroidManifest.xml
9        android:targetSdkVersion="30" />
9-->HandyGame\android\AndroidManifest.xml
10
11    <uses-permission android:name="android.permission.VIBRATE" />
11-->HandyGame\android\AndroidManifest.xml:4:5-65
11-->HandyGame\android\AndroidManifest.xml:4:22-63
12    <uses-permission android:name="android.permission.WRITE_EXTERNAL_STORAGE" />
12-->HandyGame\android\AndroidManifest.xml:5:5-80
12-->HandyGame\android\AndroidManifest.xml:5:22-78
13    <uses-permission android:name="android.permission.READ_EXTERNAL_STORAGE" />
13-->HandyGame\android\AndroidManifest.xml:6:5-79
13-->HandyGame\android\AndroidManifest.xml:6:22-77
14
15    <application
15-->HandyGame\android\AndroidManifest.xml:7:5-24:19
16        android:allowBackup="true"
16-->HandyGame\android\AndroidManifest.xml:8:9-35
17        android:appCategory="game"
17-->HandyGame\android\AndroidManifest.xml:11:9-35
18        android:debuggable="true"
19        android:icon="@drawable/ic_launcher"
19-->HandyGame\android\AndroidManifest.xml:9:9-45
20        android:isGame="true"
20-->HandyGame\android\AndroidManifest.xml:10:9-30
21        android:label="@string/app_name"
21-->HandyGame\android\AndroidManifest.xml:12:9-41
22        android:theme="@style/GdxTheme" >
22-->HandyGame\android\AndroidManifest.xml:13:9-40
23        <activity
23-->HandyGame\android\AndroidManifest.xml:14:9-23:20
24            android:name="de.handy.game.AndroidLauncher"
24-->HandyGame\android\AndroidManifest.xml:15:13-57
25            android:configChanges="keyboard|keyboardHidden|navigation|orientation|screenSize|screenLayout"
25-->HandyGame\android\AndroidManifest.xml:18:13-107
26            android:label="@string/app_name"
26-->HandyGame\android\AndroidManifest.xml:16:13-45
27            android:screenOrientation="landscape" >
27-->HandyGame\android\AndroidManifest.xml:17:13-50
28            <intent-filter>
28-->HandyGame\android\AndroidManifest.xml:19:13-22:29
29                <action android:name="android.intent.action.MAIN" />
29-->HandyGame\android\AndroidManifest.xml:20:17-69
29-->HandyGame\android\AndroidManifest.xml:20:25-66
30
31                <category android:name="android.intent.category.LAUNCHER" />
31-->HandyGame\android\AndroidManifest.xml:21:17-77
31-->HandyGame\android\AndroidManifest.xml:21:27-74
32            </intent-filter>
33        </activity>
34    </application>
35
36</manifest>